<?xml version="1.0" encoding="UTF-8"?>
<coverage generated="1694051294448" clover="3.2.0">
  <project timestamp="1694051294448" name="All files">
    <metrics statements="16" coveredstatements="16" conditionals="0" coveredconditionals="0" methods="5" coveredmethods="5" elements="21" coveredelements="21" complexity="0" loc="16" ncloc="16" packages="1" files="2" classes="2"/>
    <file name="ContactCsvDAO.ts" path="C:\Users\sidne\Workspaces\LP2_2023_2\exemplo02\src\daos\ContactCsvDAO.ts">
      <metrics statements="8" coveredstatements="8" conditionals="0" coveredconditionals="0" methods="2" coveredmethods="2"/>
      <line num="2" count="1" type="stmt"/>
      <line num="4" count="1" type="stmt"/>
      <line num="6" count="1" type="stmt"/>
      <line num="7" count="1" type="stmt"/>
      <line num="8" count="1" type="stmt"/>
      <line num="9" count="100" type="stmt"/>
      <line num="10" count="100" type="stmt"/>
      <line num="15" count="100" type="stmt"/>
    </file>
    <file name="ContactDao.ts" path="C:\Users\sidne\Workspaces\LP2_2023_2\exemplo02\src\daos\ContactDao.ts">
      <metrics statements="8" coveredstatements="8" conditionals="0" coveredconditionals="0" methods="3" coveredmethods="3"/>
      <line num="1" count="1" type="stmt"/>
      <line num="3" count="1" type="stmt"/>
      <line num="5" count="1" type="stmt"/>
      <line num="10" count="1" type="stmt"/>
      <line num="11" count="1" type="stmt"/>
      <line num="12" count="1" type="stmt"/>
      <line num="16" count="4" type="stmt"/>
      <line num="17" count="1" type="stmt"/>
    </file>
  </project>
</coverage>
