<?xml version="1.0" encoding="UTF-8"?>
<coverage generated="1691633755438" clover="3.2.0">
  <project timestamp="1691633755438" name="All files">
    <metrics statements="16" coveredstatements="16" conditionals="6" coveredconditionals="6" methods="5" coveredmethods="5" elements="27" coveredelements="27" complexity="0" loc="16" ncloc="16" packages="1" files="2" classes="2"/>
    <file name="BankAccount.ts" path="C:\Users\sidne\Workspaces\LP2_2023_2\exemplo01\src\models\BankAccount.ts">
      <metrics statements="13" coveredstatements="13" conditionals="6" coveredconditionals="6" methods="4" coveredmethods="4"/>
      <line num="3" count="1" type="stmt"/>
      <line num="10" count="5" type="stmt"/>
      <line num="11" count="5" type="stmt"/>
      <line num="12" count="5" type="stmt"/>
      <line num="13" count="5" type="stmt"/>
      <line num="17" count="3" type="cond" truecount="2" falsecount="0"/>
      <line num="19" count="2" type="stmt"/>
      <line num="21" count="1" type="stmt"/>
      <line num="26" count="2" type="cond" truecount="4" falsecount="0"/>
      <line num="28" count="1" type="stmt"/>
      <line num="30" count="1" type="stmt"/>
      <line num="35" count="5" type="stmt"/>
      <line num="40" count="5" type="stmt"/>
    </file>
    <file name="Client.ts" path="C:\Users\sidne\Workspaces\LP2_2023_2\exemplo01\src\models\Client.ts">
      <metrics statements="3" coveredstatements="3" conditionals="0" coveredconditionals="0" methods="1" coveredmethods="1"/>
      <line num="1" count="1" type="stmt"/>
      <line num="6" count="5" type="stmt"/>
      <line num="7" count="5" type="stmt"/>
    </file>
  </project>
</coverage>
