TN:
SF:src\models\BankAccount.ts
FN:9,(anonymous_0)
FN:16,(anonymous_1)
FN:25,(anonymous_2)
FN:34,(anonymous_3)
FNF:4
FNH:4
FNDA:5,(anonymous_0)
FNDA:3,(anonymous_1)
FNDA:2,(anonymous_2)
FNDA:5,(anonymous_3)
DA:3,1
DA:10,5
DA:11,5
DA:12,5
DA:13,5
DA:17,3
DA:19,2
DA:21,1
DA:26,2
DA:28,1
DA:30,1
DA:35,5
DA:40,5
LF:13
LH:13
BRDA:17,0,0,2
BRDA:17,0,1,1
BRDA:26,1,0,1
BRDA:26,1,1,1
BRDA:26,2,0,2
BRDA:26,2,1,2
BRF:6
BRH:6
end_of_record
TN:
SF:src\models\Client.ts
FN:5,(anonymous_0)
FNF:1
FNH:1
FNDA:5,(anonymous_0)
DA:1,1
DA:6,5
DA:7,5
LF:3
LH:3
BRF:0
BRH:0
end_of_record
