<?xml version="1.0" encoding="UTF-8"?>
<coverage generated="1698889271992" clover="3.2.0">
  <project timestamp="1698889271992" name="All files">
    <metrics statements="19" coveredstatements="16" conditionals="6" coveredconditionals="5" methods="7" coveredmethods="5" elements="32" coveredelements="26" complexity="0" loc="19" ncloc="19" packages="2" files="3" classes="3"/>
    <package name="errors">
      <metrics statements="4" coveredstatements="4" conditionals="0" coveredconditionals="0" methods="2" coveredmethods="2"/>
      <file name="BirthdayError.ts" path="C:\Users\sidne\Workspaces\LP2_2023_2\exemplo04\src\errors\BirthdayError.ts">
        <metrics statements="2" coveredstatements="2" conditionals="0" coveredconditionals="0" methods="1" coveredmethods="1"/>
        <line num="1" count="1" type="stmt"/>
        <line num="3" count="1" type="stmt"/>
      </file>
      <file name="NameError.ts" path="C:\Users\sidne\Workspaces\LP2_2023_2\exemplo04\src\errors\NameError.ts">
        <metrics statements="2" coveredstatements="2" conditionals="0" coveredconditionals="0" methods="1" coveredmethods="1"/>
        <line num="1" count="1" type="stmt"/>
        <line num="3" count="1" type="stmt"/>
      </file>
    </package>
    <package name="models">
      <metrics statements="15" coveredstatements="12" conditionals="6" coveredconditionals="5" methods="5" coveredmethods="3"/>
      <file name="User.ts" path="C:\Users\sidne\Workspaces\LP2_2023_2\exemplo04\src\models\User.ts">
        <metrics statements="15" coveredstatements="12" conditionals="6" coveredconditionals="5" methods="5" coveredmethods="3"/>
        <line num="1" count="1" type="stmt"/>
        <line num="2" count="1" type="stmt"/>
        <line num="4" count="1" type="stmt"/>
        <line num="5" count="2" type="stmt"/>
        <line num="6" count="2" type="stmt"/>
        <line num="9" count="2" type="stmt"/>
        <line num="10" count="1" type="stmt"/>
        <line num="14" count="0" type="stmt"/>
        <line num="18" count="2" type="cond" truecount="4" falsecount="0"/>
        <line num="19" count="1" type="stmt"/>
        <line num="21" count="1" type="stmt"/>
        <line num="26" count="0" type="stmt"/>
        <line num="30" count="1" type="cond" truecount="1" falsecount="1"/>
        <line num="31" count="0" type="stmt"/>
        <line num="33" count="1" type="stmt"/>
      </file>
    </package>
  </project>
</coverage>
